<?xml version="1.0" encoding="UTF-8"?>
<testng-results skipped="0" failed="0" ignored="0" total="1" passed="1">
  <reporter-output>
  </reporter-output>
  <suite name="PageWithIphoneTest" duration-ms="70976" started-at="2017-08-09T11:17:45Z" finished-at="2017-08-09T11:18:56Z">
    <groups>
    </groups>
    <test name="Command line test" duration-ms="70976" started-at="2017-08-09T11:17:45Z" finished-at="2017-08-09T11:18:56Z">
      <class name="PageWithIphoneTest">
        <test-method status="PASS" signature="beforeSuite()[pri:0, instance:PageWithIphoneTest@3cda1055]" name="beforeSuite" is-config="true" duration-ms="4855" started-at="2017-08-09T14:17:41Z" finished-at="2017-08-09T14:17:45Z">
          <reporter-output>
          </reporter-output>
        </test-method> <!-- beforeSuite -->
        <test-method status="PASS" signature="openPage()[pri:0, instance:PageWithIphoneTest@3cda1055]" name="openPage" duration-ms="70965" started-at="2017-08-09T14:17:45Z" finished-at="2017-08-09T14:18:56Z">
          <reporter-output>
          </reporter-output>
        </test-method> <!-- openPage -->
        <test-method status="PASS" signature="afterSuite()[pri:0, instance:PageWithIphoneTest@3cda1055]" name="afterSuite" is-config="true" duration-ms="827" started-at="2017-08-09T14:18:56Z" finished-at="2017-08-09T14:18:57Z">
          <reporter-output>
          </reporter-output>
        </test-method> <!-- afterSuite -->
      </class> <!-- PageWithIphoneTest -->
    </test> <!-- Command line test -->
  </suite> <!-- PageWithIphoneTest -->
</testng-results>
